<?xml version="1.0" encoding="UTF-8"?>
<testsuite xmlns:xsi="http://www.w3.org/2001/XMLSchema-instance" xsi:noNamespaceSchemaLocation="https://maven.apache.org/surefire/maven-surefire-plugin/xsd/surefire-test-report.xsd" name="TestSuite" time="38.325" tests="2" errors="0" skipped="0" failures="0">
  <properties>
    <property name="sun.desktop" value="windows"/>
    <property name="awt.toolkit" value="sun.awt.windows.WToolkit"/>
    <property name="file.encoding.pkg" value="sun.io"/>
    <property name="java.specification.version" value="1.8"/>
    <property name="sun.cpu.isalist" value="amd64"/>
    <property name="sun.jnu.encoding" value="Cp1252"/>
    <property name="java.class.path" value="D:\Rakesh\Personal\Jitendra\GIT\OrangeHR\com.orangehrm\target\test-classes;D:\Rakesh\Personal\Jitendra\GIT\OrangeHR\com.orangehrm\target\classes;C:\Users\ragrawa\.m2\repository\org\apache\poi\poi\5.2.4\poi-5.2.4.jar;C:\Users\ragrawa\.m2\repository\commons-codec\commons-codec\1.16.0\commons-codec-1.16.0.jar;C:\Users\ragrawa\.m2\repository\org\apache\commons\commons-collections4\4.4\commons-collections4-4.4.jar;C:\Users\ragrawa\.m2\repository\org\apache\commons\commons-math3\3.6.1\commons-math3-3.6.1.jar;C:\Users\ragrawa\.m2\repository\commons-io\commons-io\2.13.0\commons-io-2.13.0.jar;C:\Users\ragrawa\.m2\repository\com\zaxxer\SparseBitSet\1.3\SparseBitSet-1.3.jar;C:\Users\ragrawa\.m2\repository\org\apache\logging\log4j\log4j-api\2.20.0\log4j-api-2.20.0.jar;C:\Users\ragrawa\.m2\repository\org\apache\poi\poi-ooxml\5.2.4\poi-ooxml-5.2.4.jar;C:\Users\ragrawa\.m2\repository\org\apache\poi\poi-ooxml-lite\5.2.4\poi-ooxml-lite-5.2.4.jar;C:\Users\ragrawa\.m2\repository\org\apache\xmlbeans\xmlbeans\5.1.1\xmlbeans-5.1.1.jar;C:\Users\ragrawa\.m2\repository\xml-apis\xml-apis\1.4.01\xml-apis-1.4.01.jar;C:\Users\ragrawa\.m2\repository\org\apache\commons\commons-compress\1.24.0\commons-compress-1.24.0.jar;C:\Users\ragrawa\.m2\repository\com\github\virtuald\curvesapi\1.08\curvesapi-1.08.jar;C:\Users\ragrawa\.m2\repository\io\cucumber\cucumber-java\5.6.0\cucumber-java-5.6.0.jar;C:\Users\ragrawa\.m2\repository\io\cucumber\cucumber-core\5.6.0\cucumber-core-5.6.0.jar;C:\Users\ragrawa\.m2\repository\io\cucumber\cucumber-gherkin\5.6.0\cucumber-gherkin-5.6.0.jar;C:\Users\ragrawa\.m2\repository\io\cucumber\cucumber-gherkin-vintage\5.6.0\cucumber-gherkin-vintage-5.6.0.jar;C:\Users\ragrawa\.m2\repository\io\cucumber\tag-expressions\2.0.4\tag-expressions-2.0.4.jar;C:\Users\ragrawa\.m2\repository\io\cucumber\cucumber-expressions\8.3.1\cucumber-expressions-8.3.1.jar;C:\Users\ragrawa\.m2\repository\io\cucumber\datatable\3.3.1\datatable-3.3.1.jar;C:\Users\ragrawa\.m2\repository\io\cucumber\cucumber-plugin\5.6.0\cucumber-plugin-5.6.0.jar;C:\Users\ragrawa\.m2\repository\io\cucumber\docstring\5.6.0\docstring-5.6.0.jar;C:\Users\ragrawa\.m2\repository\org\apiguardian\apiguardian-api\1.1.0\apiguardian-api-1.1.0.jar;C:\Users\ragrawa\.m2\repository\io\cucumber\cucumber-testng\5.6.0\cucumber-testng-5.6.0.jar;C:\Users\ragrawa\.m2\repository\org\testng\testng\6.14.3\testng-6.14.3.jar;C:\Users\ragrawa\.m2\repository\com\beust\jcommander\1.72\jcommander-1.72.jar;C:\Users\ragrawa\.m2\repository\org\apache-extras\beanshell\bsh\2.0b6\bsh-2.0b6.jar;C:\Users\ragrawa\.m2\repository\tech\grasshopper\extentreports-cucumber5-adapter\2.8.4\extentreports-cucumber5-adapter-2.8.4.jar;C:\Users\ragrawa\.m2\repository\com\aventstack\klov-reporter\5.0.8\klov-reporter-5.0.8.jar;C:\Users\ragrawa\.m2\repository\org\mongodb\bson\3.6.4\bson-3.6.4.jar;C:\Users\ragrawa\.m2\repository\org\apache\httpcomponents\httpclient\4.5.2\httpclient-4.5.2.jar;C:\Users\ragrawa\.m2\repository\org\apache\httpcomponents\httpcore\4.4.4\httpcore-4.4.4.jar;C:\Users\ragrawa\.m2\repository\commons-logging\commons-logging\1.2\commons-logging-1.2.jar;C:\Users\ragrawa\.m2\repository\org\apache\httpcomponents\httpmime\4.5.2\httpmime-4.5.2.jar;C:\Users\ragrawa\.m2\repository\tech\grasshopper\extent-pdf-report\1.7.4\extent-pdf-report-1.7.4.jar;C:\Users\ragrawa\.m2\repository\tech\grasshopper\cucumber-pdf-report\2.2.4\cucumber-pdf-report-2.2.4.jar;C:\Users\ragrawa\.m2\repository\org\apache\pdfbox\pdfbox\2.0.22\pdfbox-2.0.22.jar;C:\Users\ragrawa\.m2\repository\org\apache\pdfbox\fontbox\2.0.22\fontbox-2.0.22.jar;C:\Users\ragrawa\.m2\repository\org\knowm\xchart\xchart\3.8.0\xchart-3.8.0.jar;C:\Users\ragrawa\.m2\repository\de\erichseifert\vectorgraphics2d\VectorGraphics2D\0.13\VectorGraphics2D-0.13.jar;C:\Users\ragrawa\.m2\repository\de\rototor\pdfbox\graphics2d\0.30\graphics2d-0.30.jar;C:\Users\ragrawa\.m2\repository\com\madgag\animated-gif-lib\1.4\animated-gif-lib-1.4.jar;C:\Users\ragrawa\.m2\repository\org\yaml\snakeyaml\1.28\snakeyaml-1.28.jar;C:\Users\ragrawa\.m2\repository\tech\grasshopper\table-layout\1.2.0\table-layout-1.2.0.jar;C:\Users\ragrawa\.m2\repository\org\jsoup\jsoup\1.13.1\jsoup-1.13.1.jar;C:\Users\ragrawa\.m2\repository\org\mongodb\mongodb-driver\3.3.0\mongodb-driver-3.3.0.jar;C:\Users\ragrawa\.m2\repository\org\mongodb\mongodb-driver-core\3.3.0\mongodb-driver-core-3.3.0.jar;C:\Users\ragrawa\.m2\repository\com\aventstack\extentreports\5.0.4\extentreports-5.0.4.jar;C:\Users\ragrawa\.m2\repository\io\reactivex\rxjava3\rxjava\3.0.4\rxjava-3.0.4.jar;C:\Users\ragrawa\.m2\repository\org\reactivestreams\reactive-streams\1.0.3\reactive-streams-1.0.3.jar;C:\Users\ragrawa\.m2\repository\org\freemarker\freemarker\2.3.30\freemarker-2.3.30.jar;C:\Users\ragrawa\.m2\repository\org\projectlombok\lombok\1.18.12\lombok-1.18.12.jar;C:\Users\ragrawa\.m2\repository\com\google\code\gson\gson\2.8.6\gson-2.8.6.jar;C:\Users\ragrawa\.m2\repository\org\seleniumhq\selenium\selenium-java\3.141.59\selenium-java-3.141.59.jar;C:\Users\ragrawa\.m2\repository\org\seleniumhq\selenium\selenium-api\3.141.59\selenium-api-3.141.59.jar;C:\Users\ragrawa\.m2\repository\org\seleniumhq\selenium\selenium-chrome-driver\3.141.59\selenium-chrome-driver-3.141.59.jar;C:\Users\ragrawa\.m2\repository\org\seleniumhq\selenium\selenium-edge-driver\3.141.59\selenium-edge-driver-3.141.59.jar;C:\Users\ragrawa\.m2\repository\org\seleniumhq\selenium\selenium-firefox-driver\3.141.59\selenium-firefox-driver-3.141.59.jar;C:\Users\ragrawa\.m2\repository\org\seleniumhq\selenium\selenium-ie-driver\3.141.59\selenium-ie-driver-3.141.59.jar;C:\Users\ragrawa\.m2\repository\org\seleniumhq\selenium\selenium-opera-driver\3.141.59\selenium-opera-driver-3.141.59.jar;C:\Users\ragrawa\.m2\repository\org\seleniumhq\selenium\selenium-remote-driver\3.141.59\selenium-remote-driver-3.141.59.jar;C:\Users\ragrawa\.m2\repository\org\seleniumhq\selenium\selenium-safari-driver\3.141.59\selenium-safari-driver-3.141.59.jar;C:\Users\ragrawa\.m2\repository\org\seleniumhq\selenium\selenium-support\3.141.59\selenium-support-3.141.59.jar;C:\Users\ragrawa\.m2\repository\net\bytebuddy\byte-buddy\1.8.15\byte-buddy-1.8.15.jar;C:\Users\ragrawa\.m2\repository\org\apache\commons\commons-exec\1.3\commons-exec-1.3.jar;C:\Users\ragrawa\.m2\repository\com\google\guava\guava\25.0-jre\guava-25.0-jre.jar;C:\Users\ragrawa\.m2\repository\com\google\code\findbugs\jsr305\1.3.9\jsr305-1.3.9.jar;C:\Users\ragrawa\.m2\repository\org\checkerframework\checker-compat-qual\2.0.0\checker-compat-qual-2.0.0.jar;C:\Users\ragrawa\.m2\repository\com\google\errorprone\error_prone_annotations\2.1.3\error_prone_annotations-2.1.3.jar;C:\Users\ragrawa\.m2\repository\com\google\j2objc\j2objc-annotations\1.1\j2objc-annotations-1.1.jar;C:\Users\ragrawa\.m2\repository\org\codehaus\mojo\animal-sniffer-annotations\1.14\animal-sniffer-annotations-1.14.jar;C:\Users\ragrawa\.m2\repository\com\squareup\okhttp3\okhttp\3.11.0\okhttp-3.11.0.jar;C:\Users\ragrawa\.m2\repository\com\squareup\okio\okio\1.14.0\okio-1.14.0.jar;C:\Users\ragrawa\.m2\repository\com\rabbitmq\amqp-client\4.0.0\amqp-client-4.0.0.jar;C:\Users\ragrawa\.m2\repository\org\slf4j\slf4j-api\1.7.21\slf4j-api-1.7.21.jar;C:\Users\ragrawa\.m2\repository\org\apache\commons\commons-lang3\3.0\commons-lang3-3.0.jar;C:\Users\ragrawa\.m2\repository\org\slf4j\slf4j-simple\1.7.21\slf4j-simple-1.7.21.jar;C:\Users\ragrawa\.m2\repository\org\apache\maven\surefire\surefire-testng-utils\2.22.0\surefire-testng-utils-2.22.0.jar;C:\Users\ragrawa\.m2\repository\org\apache\maven\surefire\surefire-grouper\2.22.0\surefire-grouper-2.22.0.jar;"/>
    <property name="java.vm.vendor" value=""/>
    <property name="sun.arch.data.model" value="64"/>
    <property name="user.variant" value=""/>
    <property name="java.vendor.url" value="http://java.oracle.com/"/>
    <property name="user.timezone" value="Asia/Calcutta"/>
    <property name="java.vm.specification.version" value="1.8"/>
    <property name="os.name" value="Windows 10"/>
    <property name="user.country" value="US"/>
    <property name="sun.java.launcher" value="SUN_STANDARD"/>
    <property name="sun.boot.library.path" value="C:\Program Files\AdoptOpenJDK\jdk-8.0.222.10-hotspot\jre\bin"/>
    <property name="sun.java.command" value="C:\Users\ragrawa\AppData\Local\Temp\surefire1120688217360726034\surefirebooter7984122393094729587.jar C:\Users\ragrawa\AppData\Local\Temp\surefire1120688217360726034 2023-10-20T20-26-32_258-jvmRun1 surefire7077428829218615253tmp surefire_03578242374624035860tmp"/>
    <property name="surefire.test.class.path" value="D:\Rakesh\Personal\Jitendra\GIT\OrangeHR\com.orangehrm\target\test-classes;D:\Rakesh\Personal\Jitendra\GIT\OrangeHR\com.orangehrm\target\classes;C:\Users\ragrawa\.m2\repository\org\apache\poi\poi\5.2.4\poi-5.2.4.jar;C:\Users\ragrawa\.m2\repository\commons-codec\commons-codec\1.16.0\commons-codec-1.16.0.jar;C:\Users\ragrawa\.m2\repository\org\apache\commons\commons-collections4\4.4\commons-collections4-4.4.jar;C:\Users\ragrawa\.m2\repository\org\apache\commons\commons-math3\3.6.1\commons-math3-3.6.1.jar;C:\Users\ragrawa\.m2\repository\commons-io\commons-io\2.13.0\commons-io-2.13.0.jar;C:\Users\ragrawa\.m2\repository\com\zaxxer\SparseBitSet\1.3\SparseBitSet-1.3.jar;C:\Users\ragrawa\.m2\repository\org\apache\logging\log4j\log4j-api\2.20.0\log4j-api-2.20.0.jar;C:\Users\ragrawa\.m2\repository\org\apache\poi\poi-ooxml\5.2.4\poi-ooxml-5.2.4.jar;C:\Users\ragrawa\.m2\repository\org\apache\poi\poi-ooxml-lite\5.2.4\poi-ooxml-lite-5.2.4.jar;C:\Users\ragrawa\.m2\repository\org\apache\xmlbeans\xmlbeans\5.1.1\xmlbeans-5.1.1.jar;C:\Users\ragrawa\.m2\repository\xml-apis\xml-apis\1.4.01\xml-apis-1.4.01.jar;C:\Users\ragrawa\.m2\repository\org\apache\commons\commons-compress\1.24.0\commons-compress-1.24.0.jar;C:\Users\ragrawa\.m2\repository\com\github\virtuald\curvesapi\1.08\curvesapi-1.08.jar;C:\Users\ragrawa\.m2\repository\io\cucumber\cucumber-java\5.6.0\cucumber-java-5.6.0.jar;C:\Users\ragrawa\.m2\repository\io\cucumber\cucumber-core\5.6.0\cucumber-core-5.6.0.jar;C:\Users\ragrawa\.m2\repository\io\cucumber\cucumber-gherkin\5.6.0\cucumber-gherkin-5.6.0.jar;C:\Users\ragrawa\.m2\repository\io\cucumber\cucumber-gherkin-vintage\5.6.0\cucumber-gherkin-vintage-5.6.0.jar;C:\Users\ragrawa\.m2\repository\io\cucumber\tag-expressions\2.0.4\tag-expressions-2.0.4.jar;C:\Users\ragrawa\.m2\repository\io\cucumber\cucumber-expressions\8.3.1\cucumber-expressions-8.3.1.jar;C:\Users\ragrawa\.m2\repository\io\cucumber\datatable\3.3.1\datatable-3.3.1.jar;C:\Users\ragrawa\.m2\repository\io\cucumber\cucumber-plugin\5.6.0\cucumber-plugin-5.6.0.jar;C:\Users\ragrawa\.m2\repository\io\cucumber\docstring\5.6.0\docstring-5.6.0.jar;C:\Users\ragrawa\.m2\repository\org\apiguardian\apiguardian-api\1.1.0\apiguardian-api-1.1.0.jar;C:\Users\ragrawa\.m2\repository\io\cucumber\cucumber-testng\5.6.0\cucumber-testng-5.6.0.jar;C:\Users\ragrawa\.m2\repository\org\testng\testng\6.14.3\testng-6.14.3.jar;C:\Users\ragrawa\.m2\repository\com\beust\jcommander\1.72\jcommander-1.72.jar;C:\Users\ragrawa\.m2\repository\org\apache-extras\beanshell\bsh\2.0b6\bsh-2.0b6.jar;C:\Users\ragrawa\.m2\repository\tech\grasshopper\extentreports-cucumber5-adapter\2.8.4\extentreports-cucumber5-adapter-2.8.4.jar;C:\Users\ragrawa\.m2\repository\com\aventstack\klov-reporter\5.0.8\klov-reporter-5.0.8.jar;C:\Users\ragrawa\.m2\repository\org\mongodb\bson\3.6.4\bson-3.6.4.jar;C:\Users\ragrawa\.m2\repository\org\apache\httpcomponents\httpclient\4.5.2\httpclient-4.5.2.jar;C:\Users\ragrawa\.m2\repository\org\apache\httpcomponents\httpcore\4.4.4\httpcore-4.4.4.jar;C:\Users\ragrawa\.m2\repository\commons-logging\commons-logging\1.2\commons-logging-1.2.jar;C:\Users\ragrawa\.m2\repository\org\apache\httpcomponents\httpmime\4.5.2\httpmime-4.5.2.jar;C:\Users\ragrawa\.m2\repository\tech\grasshopper\extent-pdf-report\1.7.4\extent-pdf-report-1.7.4.jar;C:\Users\ragrawa\.m2\repository\tech\grasshopper\cucumber-pdf-report\2.2.4\cucumber-pdf-report-2.2.4.jar;C:\Users\ragrawa\.m2\repository\org\apache\pdfbox\pdfbox\2.0.22\pdfbox-2.0.22.jar;C:\Users\ragrawa\.m2\repository\org\apache\pdfbox\fontbox\2.0.22\fontbox-2.0.22.jar;C:\Users\ragrawa\.m2\repository\org\knowm\xchart\xchart\3.8.0\xchart-3.8.0.jar;C:\Users\ragrawa\.m2\repository\de\erichseifert\vectorgraphics2d\VectorGraphics2D\0.13\VectorGraphics2D-0.13.jar;C:\Users\ragrawa\.m2\repository\de\rototor\pdfbox\graphics2d\0.30\graphics2d-0.30.jar;C:\Users\ragrawa\.m2\repository\com\madgag\animated-gif-lib\1.4\animated-gif-lib-1.4.jar;C:\Users\ragrawa\.m2\repository\org\yaml\snakeyaml\1.28\snakeyaml-1.28.jar;C:\Users\ragrawa\.m2\repository\tech\grasshopper\table-layout\1.2.0\table-layout-1.2.0.jar;C:\Users\ragrawa\.m2\repository\org\jsoup\jsoup\1.13.1\jsoup-1.13.1.jar;C:\Users\ragrawa\.m2\repository\org\mongodb\mongodb-driver\3.3.0\mongodb-driver-3.3.0.jar;C:\Users\ragrawa\.m2\repository\org\mongodb\mongodb-driver-core\3.3.0\mongodb-driver-core-3.3.0.jar;C:\Users\ragrawa\.m2\repository\com\aventstack\extentreports\5.0.4\extentreports-5.0.4.jar;C:\Users\ragrawa\.m2\repository\io\reactivex\rxjava3\rxjava\3.0.4\rxjava-3.0.4.jar;C:\Users\ragrawa\.m2\repository\org\reactivestreams\reactive-streams\1.0.3\reactive-streams-1.0.3.jar;C:\Users\ragrawa\.m2\repository\org\freemarker\freemarker\2.3.30\freemarker-2.3.30.jar;C:\Users\ragrawa\.m2\repository\org\projectlombok\lombok\1.18.12\lombok-1.18.12.jar;C:\Users\ragrawa\.m2\repository\com\google\code\gson\gson\2.8.6\gson-2.8.6.jar;C:\Users\ragrawa\.m2\repository\org\seleniumhq\selenium\selenium-java\3.141.59\selenium-java-3.141.59.jar;C:\Users\ragrawa\.m2\repository\org\seleniumhq\selenium\selenium-api\3.141.59\selenium-api-3.141.59.jar;C:\Users\ragrawa\.m2\repository\org\seleniumhq\selenium\selenium-chrome-driver\3.141.59\selenium-chrome-driver-3.141.59.jar;C:\Users\ragrawa\.m2\repository\org\seleniumhq\selenium\selenium-edge-driver\3.141.59\selenium-edge-driver-3.141.59.jar;C:\Users\ragrawa\.m2\repository\org\seleniumhq\selenium\selenium-firefox-driver\3.141.59\selenium-firefox-driver-3.141.59.jar;C:\Users\ragrawa\.m2\repository\org\seleniumhq\selenium\selenium-ie-driver\3.141.59\selenium-ie-driver-3.141.59.jar;C:\Users\ragrawa\.m2\repository\org\seleniumhq\selenium\selenium-opera-driver\3.141.59\selenium-opera-driver-3.141.59.jar;C:\Users\ragrawa\.m2\repository\org\seleniumhq\selenium\selenium-remote-driver\3.141.59\selenium-remote-driver-3.141.59.jar;C:\Users\ragrawa\.m2\repository\org\seleniumhq\selenium\selenium-safari-driver\3.141.59\selenium-safari-driver-3.141.59.jar;C:\Users\ragrawa\.m2\repository\org\seleniumhq\selenium\selenium-support\3.141.59\selenium-support-3.141.59.jar;C:\Users\ragrawa\.m2\repository\net\bytebuddy\byte-buddy\1.8.15\byte-buddy-1.8.15.jar;C:\Users\ragrawa\.m2\repository\org\apache\commons\commons-exec\1.3\commons-exec-1.3.jar;C:\Users\ragrawa\.m2\repository\com\google\guava\guava\25.0-jre\guava-25.0-jre.jar;C:\Users\ragrawa\.m2\repository\com\google\code\findbugs\jsr305\1.3.9\jsr305-1.3.9.jar;C:\Users\ragrawa\.m2\repository\org\checkerframework\checker-compat-qual\2.0.0\checker-compat-qual-2.0.0.jar;C:\Users\ragrawa\.m2\repository\com\google\errorprone\error_prone_annotations\2.1.3\error_prone_annotations-2.1.3.jar;C:\Users\ragrawa\.m2\repository\com\google\j2objc\j2objc-annotations\1.1\j2objc-annotations-1.1.jar;C:\Users\ragrawa\.m2\repository\org\codehaus\mojo\animal-sniffer-annotations\1.14\animal-sniffer-annotations-1.14.jar;C:\Users\ragrawa\.m2\repository\com\squareup\okhttp3\okhttp\3.11.0\okhttp-3.11.0.jar;C:\Users\ragrawa\.m2\repository\com\squareup\okio\okio\1.14.0\okio-1.14.0.jar;C:\Users\ragrawa\.m2\repository\com\rabbitmq\amqp-client\4.0.0\amqp-client-4.0.0.jar;C:\Users\ragrawa\.m2\repository\org\slf4j\slf4j-api\1.7.21\slf4j-api-1.7.21.jar;C:\Users\ragrawa\.m2\repository\org\apache\commons\commons-lang3\3.0\commons-lang3-3.0.jar;C:\Users\ragrawa\.m2\repository\org\slf4j\slf4j-simple\1.7.21\slf4j-simple-1.7.21.jar;C:\Users\ragrawa\.m2\repository\org\apache\maven\surefire\surefire-testng-utils\2.22.0\surefire-testng-utils-2.22.0.jar;C:\Users\ragrawa\.m2\repository\org\apache\maven\surefire\surefire-grouper\2.22.0\surefire-grouper-2.22.0.jar;"/>
    <property name="sun.cpu.endian" value="little"/>
    <property name="user.home" value="C:\Users\ragrawa"/>
    <property name="user.language" value="en"/>
    <property name="java.specification.vendor" value="Oracle Corporation"/>
    <property name="java.home" value="C:\Program Files\AdoptOpenJDK\jdk-8.0.222.10-hotspot\jre"/>
    <property name="basedir" value="D:\Rakesh\Personal\Jitendra\GIT\OrangeHR\com.orangehrm"/>
    <property name="file.separator" value="\"/>
    <property name="line.separator" value="&#10;"/>
    <property name="java.vm.specification.vendor" value="Oracle Corporation"/>
    <property name="java.specification.name" value="Java Platform API Specification"/>
    <property name="java.awt.graphicsenv" value="sun.awt.Win32GraphicsEnvironment"/>
    <property name="surefire.real.class.path" value="C:\Users\ragrawa\AppData\Local\Temp\surefire1120688217360726034\surefirebooter7984122393094729587.jar"/>
    <property name="sun.boot.class.path" value="C:\Program Files\AdoptOpenJDK\jdk-8.0.222.10-hotspot\jre\lib\resources.jar;C:\Program Files\AdoptOpenJDK\jdk-8.0.222.10-hotspot\jre\lib\rt.jar;C:\Program Files\AdoptOpenJDK\jdk-8.0.222.10-hotspot\jre\lib\sunrsasign.jar;C:\Program Files\AdoptOpenJDK\jdk-8.0.222.10-hotspot\jre\lib\jsse.jar;C:\Program Files\AdoptOpenJDK\jdk-8.0.222.10-hotspot\jre\lib\jce.jar;C:\Program Files\AdoptOpenJDK\jdk-8.0.222.10-hotspot\jre\lib\charsets.jar;C:\Program Files\AdoptOpenJDK\jdk-8.0.222.10-hotspot\jre\lib\jfr.jar;C:\Program Files\AdoptOpenJDK\jdk-8.0.222.10-hotspot\jre\classes"/>
    <property name="user.script" value=""/>
    <property name="sun.management.compiler" value="HotSpot 64-Bit Tiered Compilers"/>
    <property name="java.runtime.version" value="1.8.0_222-b10"/>
    <property name="user.name" value="ragrawa"/>
    <property name="path.separator" value=";"/>
    <property name="os.version" value="10.0"/>
    <property name="java.endorsed.dirs" value="C:\Program Files\AdoptOpenJDK\jdk-8.0.222.10-hotspot\jre\lib\endorsed"/>
    <property name="java.runtime.name" value="OpenJDK Runtime Environment"/>
    <property name="file.encoding" value="Cp1252"/>
    <property name="java.vm.name" value="OpenJDK 64-Bit Server VM"/>
    <property name="localRepository" value="C:\Users\ragrawa\.m2\repository"/>
    <property name="java.vendor.url.bug" value="http://bugreport.sun.com/bugreport/"/>
    <property name="java.io.tmpdir" value="C:\Users\ragrawa\AppData\Local\Temp\"/>
    <property name="java.version" value="1.8.0_222"/>
    <property name="user.dir" value="D:\Rakesh\Personal\Jitendra\GIT\OrangeHR\com.orangehrm"/>
    <property name="os.arch" value="amd64"/>
    <property name="java.vm.specification.name" value="Java Virtual Machine Specification"/>
    <property name="java.awt.printerjob" value="sun.awt.windows.WPrinterJob"/>
    <property name="sun.os.patch.level" value=""/>
    <property name="java.library.path" value="C:\Program Files\AdoptOpenJDK\jdk-8.0.222.10-hotspot\jre\bin;C:\WINDOWS\Sun\Java\bin;C:\WINDOWS\system32;C:\WINDOWS;C:\Program Files (x86)\VMware\VMware Player\bin\;C:\Program Files (x86)\Microsoft SDKs\Azure\CLI2\wbin;C:\Program Files\AdoptOpenJDK\jdk-8.0.222.10-hotspot\bin;C:\Program Files (x86)\RSA SecurID Token Common;C:\Program Files\RSA SecurID Token Common;C:\WINDOWS\system32;C:\WINDOWS;C:\WINDOWS\System32\Wbem;C:\WINDOWS\System32\WindowsPowerShell\v1.0\;C:\Windows\CCM;C:\Program Files\TortoiseSVN\bin;C:\Rakesh\Installed\apache-maven-3.6.3\bin;C:\Program Files\OpenSSH\bin;C:\Program Files (x86)\Skype\Phone\;C:\Rakesh\Installed\apache-ant-1.10.6\bin;C:\Program Files\Git\cmd;C:\Android;C:\Windows\System32;C:\Rakesh\Installed\node-v16.17.0-win-x64;C:\Rakesh\Installed\zookeeper-3.4.14\bin;%KAFKA_HOME%\bin\windows;C:\Program Files\Microsoft VS Code\bin;C:\Program Files\Amazon\AWSCLIV2\;C:\Rakesh\Installed\curl-7.75.0-win64-mingw\bin;C:\Rakesh\Installed\kubectl;C:\Program Files (x86)\GnuWin32\bin;C:\Program Files\Go\bin;C:\WINDOWS\System32\OpenSSH\;C:\ProgramData\chocolatey\bin;C:\Program Files (x86)\Pulse Secure\VC142.CRT\X64\;C:\Program Files (x86)\Pulse Secure\VC142.CRT\X86\;C:\Program Files (x86)\Common Files\Pulse Secure\TNC Client Plugin\;C:\Program Files\Docker\Docker\resources\bin;C:\Program Files\PuTTY\;C:\Users\ragrawa\scoop\shims;C:\Users\ragrawa\AppData\Local\Programs\Python\Python38-32\Scripts\;C:\Users\ragrawa\AppData\Local\Programs\Python\Python38-32\;C:\Program Files\RSA SecurID Token Common\;C:\Users\ragrawa\AppData\Local\GitHubDesktop\bin;C:\Rakesh\Installed\dos2unix-7.4.0-win64\bin;C:\Rakesh\Official\Fusion_Core\flexnet_client-xt-java-x64_linux-2018.08.0\lib\FlxCore64.dll;C:\Program Files\7-Zip;C:\Program Files\JetBrains\IntelliJ IDEA 2020.1\bin;C:\Users\ragrawa\go\bin;C:\Users\ragrawa\AppData\Local\Microsoft\WindowsApps;C:\Rakesh\Installed\sonar-scanner-4.6.2.2472-windows\bin;C:\Users\ragrawa\AppData\Local\atom\bin;C:\Program Files\AdoptOpenJDK\jdk-8.0.222.10-hotspot\bin;;."/>
    <property name="java.vm.info" value="mixed mode"/>
    <property name="java.vendor" value="AdoptOpenJDK"/>
    <property name="java.vm.version" value="25.222-b10"/>
    <property name="java.ext.dirs" value="C:\Program Files\AdoptOpenJDK\jdk-8.0.222.10-hotspot\jre\lib\ext;C:\WINDOWS\Sun\Java\lib\ext"/>
    <property name="sun.io.unicode.encoding" value="UnicodeLittle"/>
    <property name="java.class.version" value="52.0"/>
  </properties>
  <testcase name="runScenario" classname="runners.TestRunner" time="23.509"/>
  <testcase name="runScenario" classname="runners.TestRunner" time="9.327"/>
</testsuite>