<?xml version="1.0" encoding="UTF-8"?>
<!-- Generated by org.testng.reporters.JUnitReportReporter -->
<testsuite skipped="0" hostname="HAW-RAGRAWA-01" name="runners.TestRunner" tests="2" failures="0" timestamp="20 Oct 2023 14:57:15 GMT" time="32.836" errors="0">
  <testcase name="runScenario" time="23.507" classname="runners.TestRunner"/>
  <testcase name="runScenario" time="9.329" classname="runners.TestRunner"/>
</testsuite> <!-- runners.TestRunner -->
